<project name="junit" default="junit">
  <description>
  Provides the JUnit tool and the Hackystat JUnit sensor.
  </description>

  <import file="build.xml" />
  <property name="junit.dir" location="${build.dir}/junit" />

  <target name="junit" depends="junit.tool, junit.report" description="Runs JUnit, JunitReport">
    <fail if="junit.failed">JUnit test case(s) failed.</fail>
  </target>

  <target name="junit.tool" depends="compile" description="Run JUnit tests.">
    <mkdir dir="${junit.dir}" />
    <!-- Run the tests, which are all classes whose name starts with 'Test'. -->
    <junit printsummary="withOutAndErr"  fork="yes" >
      <classpath>
        <pathelement location="${build.dir}/classes" />
        <path refid="build.classpath" />
      </classpath>
      <sysproperty key="user.dir" value="${basedir}" />
      <formatter type="xml" />
      <batchtest todir="${junit.dir}">
        <fileset dir="${src.main.dir}" includes="**/Test*.java" />
      </batchtest>
    </junit>
  </target>

  <target name="junit.report" description="Generates an HTML report for JUnit.">
    <taskdef name="junitreport" classname="org.apache.tools.ant.taskdefs.optional.junit.XMLResultAggregator" />
    <junitreport todir="${junit.dir}">
      <fileset dir="${junit.dir}" includes="TEST-*.xml" />
      <report format="frames" todir="${junit.dir}" />
    </junitreport>
  </target>

</project>



